2023-04-03 00:54:15.368543 - Initialized conversion of CBT519
2023-04-03 00:54:15.532809 - Received CBT.V504.FILE519.PDS from FILE519.XMI 
2023-04-03 00:54:15.535742 - Found $$$#DATE.txt (text/plain) in CBT.V504.FILE519.PDS, moved to PDS/$$$#DATE
2023-04-03 00:54:15.537019 - Found @FILE519.txt (text/plain) in CBT.V504.FILE519.PDS, moved to PDS/@FILE519
2023-04-03 00:54:15.538279 - Found ASMLK.jcl (text/plain) in CBT.V504.FILE519.PDS, moved to PDS/ASMLK
2023-04-03 00:54:15.539359 - Found ASMLK4.jcl (text/plain) in CBT.V504.FILE519.PDS, moved to PDS/ASMLK4
2023-04-03 00:54:15.540356 - Found CBRTST.txt (text/plain) in CBT.V504.FILE519.PDS, moved to PDS/CBRTST
2023-04-03 00:54:15.541341 - Found CBRTST1.jcl (text/plain) in CBT.V504.FILE519.PDS, moved to PDS/CBRTST1
2023-04-03 00:54:15.542313 - Found TMLIBAUD.txt (text/plain) in CBT.V504.FILE519.PDS, moved to PDS/TMLIBAUD
2023-04-03 00:54:15.543271 - Found TMLIBA01.txt (text/plain) in CBT.V504.FILE519.PDS, moved to PDS/TMLIBA01
2023-04-03 00:54:15.544174 - Found TMLIBA02.txt (text/plain) in CBT.V504.FILE519.PDS, moved to PDS/TMLIBA02
2023-04-03 00:54:15.545071 - Found TMLIBA03.txt (text/plain) in CBT.V504.FILE519.PDS, moved to PDS/TMLIBA03
2023-04-03 00:54:15.545979 - Found TMLIBA04.txt (text/plain) in CBT.V504.FILE519.PDS, moved to PDS/TMLIBA04
2023-04-03 00:54:15.546888 - Found TMLIBA05.txt (text/plain) in CBT.V504.FILE519.PDS, moved to PDS/TMLIBA05
2023-04-03 00:54:15.547785 - Found TMLIBRUA.jcl (text/plain) in CBT.V504.FILE519.PDS, moved to PDS/TMLIBRUA
2023-04-03 00:54:15.548647 - Found TMLIBRUN.jcl (text/plain) in CBT.V504.FILE519.PDS, moved to PDS/TMLIBRUN
2023-04-03 00:54:15.549531 - Found TMLIBTM.txt (text/plain) in CBT.V504.FILE519.PDS, moved to PDS/TMLIBTM
2023-04-03 00:54:15.550493 - Found TMSBLDUE.jcl (text/plain) in CBT.V504.FILE519.PDS, moved to PDS/TMSBLDUE
2023-04-03 00:54:15.551451 - Found TMSUX2E.txt (text/plain) in CBT.V504.FILE519.PDS, moved to PDS/TMSUX2E
2023-04-03 00:54:15.552675 - Found TMSUX2U.txt (text/plain) in CBT.V504.FILE519.PDS, moved to PDS/TMSUX2U
2023-04-03 00:54:15.553847 - Found VOLRANGE.txt (text/plain) in CBT.V504.FILE519.PDS, moved to PDS/VOLRANGE
2023-04-03 00:54:15.555137 - Found VOLRANG1.txt (text/plain) in CBT.V504.FILE519.PDS, moved to PDS/VOLRANG1
